<?xml version="1.0" encoding="UTF-8"?>
<testng-results skipped="0" failed="0" total="10" passed="10">
  <reporter-output>
  </reporter-output>
  <suite name="Default suite" duration-ms="69" started-at="2019-08-01T10:59:11Z" finished-at="2019-08-01T10:59:11Z">
    <groups>
    </groups>
    <test name="Default test" duration-ms="69" started-at="2019-08-01T10:59:11Z" finished-at="2019-08-01T10:59:11Z">
      <class name="Qainfotech.TestNg.DependsOnMethod.DependsOMethod_Ex">
        <test-method status="PASS" signature="d()[pri:0, instance:Qainfotech.TestNg.DependsOnMethod.DependsOMethod_Ex@8bd1b6a]" name="d" duration-ms="22" started-at="2019-08-01T16:29:11Z" finished-at="2019-08-01T16:29:11Z">
          <reporter-output>
          </reporter-output>
        </test-method> <!-- d -->
        <test-method status="PASS" signature="e()[pri:0, instance:Qainfotech.TestNg.DependsOnMethod.DependsOMethod_Ex@8bd1b6a]" name="e" duration-ms="0" started-at="2019-08-01T16:29:11Z" finished-at="2019-08-01T16:29:11Z">
          <reporter-output>
          </reporter-output>
        </test-method> <!-- e -->
        <test-method status="PASS" signature="g()[pri:0, instance:Qainfotech.TestNg.DependsOnMethod.DependsOMethod_Ex@8bd1b6a]" name="g" duration-ms="16" started-at="2019-08-01T16:29:11Z" finished-at="2019-08-01T16:29:11Z">
          <reporter-output>
          </reporter-output>
        </test-method> <!-- g -->
        <test-method status="PASS" signature="f()[pri:0, instance:Qainfotech.TestNg.DependsOnMethod.DependsOMethod_Ex@8bd1b6a]" name="f" duration-ms="0" started-at="2019-08-01T16:29:11Z" finished-at="2019-08-01T16:29:11Z">
          <reporter-output>
          </reporter-output>
        </test-method> <!-- f -->
        <test-method status="PASS" signature="h()[pri:0, instance:Qainfotech.TestNg.DependsOnMethod.DependsOMethod_Ex@8bd1b6a]" name="h" duration-ms="0" started-at="2019-08-01T16:29:11Z" finished-at="2019-08-01T16:29:11Z">
          <reporter-output>
          </reporter-output>
        </test-method> <!-- h -->
        <test-method status="PASS" signature="i()[pri:0, instance:Qainfotech.TestNg.DependsOnMethod.DependsOMethod_Ex@8bd1b6a]" name="i" duration-ms="0" started-at="2019-08-01T16:29:11Z" finished-at="2019-08-01T16:29:11Z">
          <reporter-output>
          </reporter-output>
        </test-method> <!-- i -->
        <test-method status="PASS" signature="a()[pri:0, instance:Qainfotech.TestNg.DependsOnMethod.DependsOMethod_Ex@8bd1b6a]" name="a" duration-ms="0" started-at="2019-08-01T16:29:11Z" finished-at="2019-08-01T16:29:11Z">
          <reporter-output>
          </reporter-output>
        </test-method> <!-- a -->
        <test-method status="PASS" signature="c()[pri:0, instance:Qainfotech.TestNg.DependsOnMethod.DependsOMethod_Ex@8bd1b6a]" name="c" duration-ms="0" started-at="2019-08-01T16:29:11Z" depends-on-methods="Qainfotech.TestNg.DependsOnMethod.DependsOMethod_Ex.e" finished-at="2019-08-01T16:29:11Z">
          <reporter-output>
          </reporter-output>
        </test-method> <!-- c -->
        <test-method status="PASS" signature="b()[pri:0, instance:Qainfotech.TestNg.DependsOnMethod.DependsOMethod_Ex@8bd1b6a]" name="b" duration-ms="0" started-at="2019-08-01T16:29:11Z" finished-at="2019-08-01T16:29:11Z">
          <reporter-output>
          </reporter-output>
        </test-method> <!-- b -->
        <test-method status="PASS" signature="j()[pri:0, instance:Qainfotech.TestNg.DependsOnMethod.DependsOMethod_Ex@8bd1b6a]" name="j" duration-ms="0" started-at="2019-08-01T16:29:11Z" depends-on-methods="Qainfotech.TestNg.DependsOnMethod.DependsOMethod_Ex.i" finished-at="2019-08-01T16:29:11Z">
          <reporter-output>
          </reporter-output>
        </test-method> <!-- j -->
      </class> <!-- Qainfotech.TestNg.DependsOnMethod.DependsOMethod_Ex -->
    </test> <!-- Default test -->
  </suite> <!-- Default suite -->
</testng-results>
